C:\Program Files (x86)\Microsoft Visual Studio\2017\Community\Common7\IDE\VC\VCTargets\Microsoft.CppBuild.targets(391,5): warning MSB8028: The intermediate directory (Debug\) contains files shared from another project (Win32SimpleSample.vcxproj).  This can lead to incorrect clean and rebuild behavior.
  MFCFrame.cpp
  _WIN32_WINNT not defined. Defaulting to _WIN32_WINNT_MAXVER (see WinSDKVer.h)
c:\users\feliks\documents\university\cmp405\wffc-edit\woffcedit\resource.h(27): warning C4005: 'IDC_STATIC': macro redefinition
  c:\program files (x86)\microsoft visual studio\2017\community\vc\tools\msvc\14.16.27023\atlmfc\include\afxres.h(343): note: see previous definition of 'IDC_STATIC'
  MFCMain.cpp
  _WIN32_WINNT not defined. Defaulting to _WIN32_WINNT_MAXVER (see WinSDKVer.h)
c:\users\feliks\documents\university\cmp405\wffc-edit\woffcedit\resource.h(27): warning C4005: 'IDC_STATIC': macro redefinition
  c:\program files (x86)\microsoft visual studio\2017\community\vc\tools\msvc\14.16.27023\atlmfc\include\afxres.h(343): note: see previous definition of 'IDC_STATIC'
  Main.cpp
  _WIN32_WINNT not defined. Defaulting to _WIN32_WINNT_MAXVER (see WinSDKVer.h)
c:\users\feliks\documents\university\cmp405\wffc-edit\woffcedit\resource.h(27): warning C4005: 'IDC_STATIC': macro redefinition
  c:\program files (x86)\microsoft visual studio\2017\community\vc\tools\msvc\14.16.27023\atlmfc\include\afxres.h(343): note: see previous definition of 'IDC_STATIC'
  ObjectPropertiesDialog.cpp
  _WIN32_WINNT not defined. Defaulting to _WIN32_WINNT_MAXVER (see WinSDKVer.h)
c:\users\feliks\documents\university\cmp405\wffc-edit\woffcedit\resource.h(27): warning C4005: 'IDC_STATIC': macro redefinition
  c:\program files (x86)\microsoft visual studio\2017\community\vc\tools\msvc\14.16.27023\atlmfc\include\afxres.h(343): note: see previous definition of 'IDC_STATIC'
c:\users\feliks\documents\university\cmp405\wffc-edit\woffcedit\objectpropertiesdialog.cpp(42): warning C4244: 'argument': conversion from 'double' to 'int', possible loss of data
  SelectDialogue.cpp
  _WIN32_WINNT not defined. Defaulting to _WIN32_WINNT_MAXVER (see WinSDKVer.h)
c:\users\feliks\documents\university\cmp405\wffc-edit\woffcedit\resource.h(27): warning C4005: 'IDC_STATIC': macro redefinition
  c:\program files (x86)\microsoft visual studio\2017\community\vc\tools\msvc\14.16.27023\atlmfc\include\afxres.h(343): note: see previous definition of 'IDC_STATIC'
  ToolMain.cpp
  _WIN32_WINNT not defined. Defaulting to _WIN32_WINNT_MAXVER (see WinSDKVer.h)
c:\users\feliks\documents\university\cmp405\wffc-edit\woffcedit\resource.h(27): warning C4005: 'IDC_STATIC': macro redefinition
  c:\program files (x86)\microsoft visual studio\2017\community\vc\tools\msvc\14.16.27023\atlmfc\include\afxres.h(343): note: see previous definition of 'IDC_STATIC'
c:\users\feliks\documents\university\cmp405\wffc-edit\woffcedit\toolmain.cpp(91): warning C4244: '=': conversion from 'double' to 'float', possible loss of data
c:\users\feliks\documents\university\cmp405\wffc-edit\woffcedit\toolmain.cpp(92): warning C4244: '=': conversion from 'double' to 'float', possible loss of data
c:\users\feliks\documents\university\cmp405\wffc-edit\woffcedit\toolmain.cpp(93): warning C4244: '=': conversion from 'double' to 'float', possible loss of data
c:\users\feliks\documents\university\cmp405\wffc-edit\woffcedit\toolmain.cpp(94): warning C4244: '=': conversion from 'double' to 'float', possible loss of data
c:\users\feliks\documents\university\cmp405\wffc-edit\woffcedit\toolmain.cpp(95): warning C4244: '=': conversion from 'double' to 'float', possible loss of data
c:\users\feliks\documents\university\cmp405\wffc-edit\woffcedit\toolmain.cpp(96): warning C4244: '=': conversion from 'double' to 'float', possible loss of data
c:\users\feliks\documents\university\cmp405\wffc-edit\woffcedit\toolmain.cpp(97): warning C4244: '=': conversion from 'double' to 'float', possible loss of data
c:\users\feliks\documents\university\cmp405\wffc-edit\woffcedit\toolmain.cpp(98): warning C4244: '=': conversion from 'double' to 'float', possible loss of data
c:\users\feliks\documents\university\cmp405\wffc-edit\woffcedit\toolmain.cpp(99): warning C4244: '=': conversion from 'double' to 'float', possible loss of data
c:\users\feliks\documents\university\cmp405\wffc-edit\woffcedit\toolmain.cpp(111): warning C4244: '=': conversion from 'double' to 'float', possible loss of data
c:\users\feliks\documents\university\cmp405\wffc-edit\woffcedit\toolmain.cpp(112): warning C4244: '=': conversion from 'double' to 'float', possible loss of data
c:\users\feliks\documents\university\cmp405\wffc-edit\woffcedit\toolmain.cpp(113): warning C4244: '=': conversion from 'double' to 'float', possible loss of data
c:\users\feliks\documents\university\cmp405\wffc-edit\woffcedit\toolmain.cpp(117): warning C4244: '=': conversion from 'double' to 'float', possible loss of data
c:\users\feliks\documents\university\cmp405\wffc-edit\woffcedit\toolmain.cpp(118): warning C4244: '=': conversion from 'double' to 'float', possible loss of data
c:\users\feliks\documents\university\cmp405\wffc-edit\woffcedit\toolmain.cpp(119): warning C4244: '=': conversion from 'int' to 'float', possible loss of data
c:\users\feliks\documents\university\cmp405\wffc-edit\woffcedit\toolmain.cpp(123): warning C4244: '=': conversion from 'double' to 'int', possible loss of data
c:\users\feliks\documents\university\cmp405\wffc-edit\woffcedit\toolmain.cpp(124): warning C4244: '=': conversion from 'double' to 'int', possible loss of data
c:\users\feliks\documents\university\cmp405\wffc-edit\woffcedit\toolmain.cpp(134): warning C4244: '=': conversion from 'double' to 'float', possible loss of data
c:\users\feliks\documents\university\cmp405\wffc-edit\woffcedit\toolmain.cpp(135): warning C4244: '=': conversion from 'double' to 'float', possible loss of data
c:\users\feliks\documents\university\cmp405\wffc-edit\woffcedit\toolmain.cpp(136): warning C4244: '=': conversion from 'double' to 'float', possible loss of data
c:\users\feliks\documents\university\cmp405\wffc-edit\woffcedit\toolmain.cpp(137): warning C4244: '=': conversion from 'double' to 'float', possible loss of data
c:\users\feliks\documents\university\cmp405\wffc-edit\woffcedit\toolmain.cpp(138): warning C4244: '=': conversion from 'double' to 'float', possible loss of data
c:\users\feliks\documents\university\cmp405\wffc-edit\woffcedit\toolmain.cpp(139): warning C4244: '=': conversion from 'double' to 'float', possible loss of data
c:\users\feliks\documents\university\cmp405\wffc-edit\woffcedit\toolmain.cpp(140): warning C4244: '=': conversion from 'double' to 'float', possible loss of data
c:\users\feliks\documents\university\cmp405\wffc-edit\woffcedit\toolmain.cpp(141): warning C4244: '=': conversion from 'double' to 'float', possible loss of data
c:\users\feliks\documents\university\cmp405\wffc-edit\woffcedit\toolmain.cpp(142): warning C4244: '=': conversion from 'double' to 'float', possible loss of data
c:\users\feliks\documents\university\cmp405\wffc-edit\woffcedit\toolmain.cpp(143): warning C4244: '=': conversion from 'double' to 'float', possible loss of data
  Generating Code...
  Win32SimpleSample.vcxproj -> C:\Users\Feliks\Documents\University\CMP405\WFFC-Edit\WOFFCEdit\Debug\WoFEdit.exe
