c:\users\feliks\documents\university\cmp405\wffc-edit\woffcedit\debug\vc141.pdb
c:\users\feliks\documents\university\cmp405\wffc-edit\woffcedit\debug\vc141.idb
c:\users\feliks\documents\university\cmp405\wffc-edit\woffcedit\debug\toolmain.obj
c:\users\feliks\documents\university\cmp405\wffc-edit\woffcedit\debug\selectdialogue.obj
c:\users\feliks\documents\university\cmp405\wffc-edit\woffcedit\debug\sceneobject.obj
c:\users\feliks\documents\university\cmp405\wffc-edit\woffcedit\debug\mfcmain.obj
c:\users\feliks\documents\university\cmp405\wffc-edit\woffcedit\debug\pch.obj
c:\users\feliks\documents\university\cmp405\wffc-edit\woffcedit\debug\objectpropertiesdialog.obj
c:\users\feliks\documents\university\cmp405\wffc-edit\woffcedit\debug\mfcrenderframe.obj
c:\users\feliks\documents\university\cmp405\wffc-edit\woffcedit\debug\mfcframe.obj
c:\users\feliks\documents\university\cmp405\wffc-edit\woffcedit\debug\main.obj
c:\users\feliks\documents\university\cmp405\wffc-edit\woffcedit\debug\game.obj
c:\users\feliks\documents\university\cmp405\wffc-edit\woffcedit\debug\displayobject.obj
c:\users\feliks\documents\university\cmp405\wffc-edit\woffcedit\debug\displaychunk.obj
c:\users\feliks\documents\university\cmp405\wffc-edit\woffcedit\debug\deviceresources.obj
c:\users\feliks\documents\university\cmp405\wffc-edit\woffcedit\debug\chunkobject.obj
c:\users\feliks\documents\university\cmp405\wffc-edit\woffcedit\debug\sqlite3.obj
c:\users\feliks\documents\university\cmp405\wffc-edit\woffcedit\debug\camera.obj
c:\users\feliks\documents\university\cmp405\wffc-edit\woffcedit\debug\wofedit.exe
c:\users\feliks\documents\university\cmp405\wffc-edit\woffcedit\debug\wofedit.ilk
c:\users\feliks\documents\university\cmp405\wffc-edit\woffcedit\debug\wofedit.pdb
c:\users\feliks\documents\university\cmp405\wffc-edit\woffcedit\debug\win32simplesample.res
c:\users\feliks\documents\university\cmp405\wffc-edit\woffcedit\debug\wofedit.tlog\cl.command.1.tlog
c:\users\feliks\documents\university\cmp405\wffc-edit\woffcedit\debug\wofedit.tlog\cl.read.1.tlog
c:\users\feliks\documents\university\cmp405\wffc-edit\woffcedit\debug\wofedit.tlog\cl.write.1.tlog
c:\users\feliks\documents\university\cmp405\wffc-edit\woffcedit\debug\wofedit.tlog\link.command.1.tlog
c:\users\feliks\documents\university\cmp405\wffc-edit\woffcedit\debug\wofedit.tlog\link.read.1.tlog
c:\users\feliks\documents\university\cmp405\wffc-edit\woffcedit\debug\wofedit.tlog\link.write.1.tlog
c:\users\feliks\documents\university\cmp405\wffc-edit\woffcedit\debug\wofedit.tlog\rc.command.1.tlog
c:\users\feliks\documents\university\cmp405\wffc-edit\woffcedit\debug\wofedit.tlog\rc.read.1.tlog
c:\users\feliks\documents\university\cmp405\wffc-edit\woffcedit\debug\wofedit.tlog\rc.write.1.tlog
